<?xml version="1.0" encoding="UTF-8"?>
<testng-results ignored="0" total="1" passed="1" failed="0" skipped="0">
  <reporter-output>
  </reporter-output>
  <suite started-at="2023-06-02T07:55:32 IST" name="Suite" finished-at="2023-06-02T07:55:52 IST" duration-ms="19798">
    <groups>
    </groups>
    <test started-at="2023-06-02T07:55:32 IST" name="Test2" finished-at="2023-06-02T07:55:52 IST" duration-ms="19798">
      <class name="mavenforjenkins.UITest">
        <test-method signature="startBrowser(java.lang.String)[pri:0, instance:mavenforjenkins.UITest@6646153]" started-at="2023-06-02T07:55:32 IST" name="startBrowser" finished-at="2023-06-02T07:55:52 IST" duration-ms="19730" status="PASS">
          <params>
            <param index="0">
              <value>
                <![CDATA[Edge]]>
              </value>
            </param>
          </params>
          <reporter-output>
          </reporter-output>
        </test-method> <!-- startBrowser -->
      </class> <!-- mavenforjenkins.UITest -->
    </test> <!-- Test2 -->
  </suite> <!-- Suite -->
</testng-results>
